
Usage: npm <command>

where <command> is one of:
    access, adduser, audit, bin, bugs, c, cache, ci, cit,
    clean-install, clean-install-test, completion, config,
    create, ddp, dedupe, deprecate, dist-tag, docs, doctor,
    edit, explore, fund, get, help, help-search, hook, i, init,
    install, install-ci-test, install-test, it, link, list, ln,
    login, logout, ls, org, outdated, owner, pack, ping, prefix,
    profile, prune, publish, rb, rebuild, repo, restart, root,
    run, run-script, s, se, search, set, shrinkwrap, star,
    stars, start, stop, t, team, test, token, tst, un,
    uninstall, unpublish, unstar, up, update, v, version, view,
    whoami

npm <command> -h  quick help on <command>
npm -l            display full usage info
npm help <term>   search for help on <term>
npm help npm      involved overview

Specify configs in the ini-formatted file:
    /root/.npmrc
or on the command line via: npm <command> --key value
Config info can be viewed via: npm help config

npm@6.14.5 /opt/bitnami/node/lib/node_modules/npm

Did you mean one of these?
    start
    star
    stars

> blogger@0.0.0 start /home/bitnami/blogger
> node ./bin/www

internal/modules/cjs/loader.js:969
  throw err;
  ^

Error: Cannot find module 'http-errors'
Require stack:
- /home/bitnami/blogger/app.js
- /home/bitnami/blogger/bin/www
    at Function.Module._resolveFilename (internal/modules/cjs/loader.js:966:15)
    at Function.Module._load (internal/modules/cjs/loader.js:842:27)
    at Module.require (internal/modules/cjs/loader.js:1026:19)
    at require (internal/modules/cjs/helpers.js:72:18)
    at Object.<anonymous> (/home/bitnami/blogger/app.js:1:19)
    at Module._compile (internal/modules/cjs/loader.js:1138:30)
    at Object.Module._extensions..js (internal/modules/cjs/loader.js:1158:10)
    at Module.load (internal/modules/cjs/loader.js:986:32)
    at Function.Module._load (internal/modules/cjs/loader.js:879:14)
    at Module.require (internal/modules/cjs/loader.js:1026:19) {
  code: 'MODULE_NOT_FOUND',
  requireStack: [ '/home/bitnami/blogger/app.js', '/home/bitnami/blogger/bin/www' ]
}
npm ERR! code ELIFECYCLE
npm ERR! errno 1
npm ERR! blogger@0.0.0 start: `node ./bin/www`
npm ERR! Exit status 1
npm ERR! 
npm ERR! Failed at the blogger@0.0.0 start script.
npm ERR! This is probably not a problem with npm. There is likely additional logging output above.

npm ERR! A complete log of this run can be found in:
npm ERR!     /root/.npm/_logs/2020-09-21T22_53_54_402Z-debug.log

> blogger@0.0.0 start /home/bitnami/blogger
> node ./bin/www

internal/modules/cjs/loader.js:969
  throw err;
  ^

Error: Cannot find module 'http-errors'
Require stack:
- /home/bitnami/blogger/app.js
- /home/bitnami/blogger/bin/www
    at Function.Module._resolveFilename (internal/modules/cjs/loader.js:966:15)
    at Function.Module._load (internal/modules/cjs/loader.js:842:27)
    at Module.require (internal/modules/cjs/loader.js:1026:19)
    at require (internal/modules/cjs/helpers.js:72:18)
    at Object.<anonymous> (/home/bitnami/blogger/app.js:1:19)
    at Module._compile (internal/modules/cjs/loader.js:1138:30)
    at Object.Module._extensions..js (internal/modules/cjs/loader.js:1158:10)
    at Module.load (internal/modules/cjs/loader.js:986:32)
    at Function.Module._load (internal/modules/cjs/loader.js:879:14)
    at Module.require (internal/modules/cjs/loader.js:1026:19) {
  code: 'MODULE_NOT_FOUND',
  requireStack: [ '/home/bitnami/blogger/app.js', '/home/bitnami/blogger/bin/www' ]
}
npm ERR! code ELIFECYCLE
npm ERR! errno 1
npm ERR! blogger@0.0.0 start: `node ./bin/www`
npm ERR! Exit status 1
npm ERR! 
npm ERR! Failed at the blogger@0.0.0 start script.
npm ERR! This is probably not a problem with npm. There is likely additional logging output above.

npm ERR! A complete log of this run can be found in:
npm ERR!     /root/.npm/_logs/2020-09-21T22_55_59_423Z-debug.log

> blogger@0.0.0 start /home/bitnami/blogger
> node ./bin/www

internal/modules/cjs/loader.js:969
  throw err;
  ^

Error: Cannot find module 'http-errors'
Require stack:
- /home/bitnami/blogger/app.js
- /home/bitnami/blogger/bin/www
    at Function.Module._resolveFilename (internal/modules/cjs/loader.js:966:15)
    at Function.Module._load (internal/modules/cjs/loader.js:842:27)
    at Module.require (internal/modules/cjs/loader.js:1026:19)
    at require (internal/modules/cjs/helpers.js:72:18)
    at Object.<anonymous> (/home/bitnami/blogger/app.js:1:19)
    at Module._compile (internal/modules/cjs/loader.js:1138:30)
    at Object.Module._extensions..js (internal/modules/cjs/loader.js:1158:10)
    at Module.load (internal/modules/cjs/loader.js:986:32)
    at Function.Module._load (internal/modules/cjs/loader.js:879:14)
    at Module.require (internal/modules/cjs/loader.js:1026:19) {
  code: 'MODULE_NOT_FOUND',
  requireStack: [ '/home/bitnami/blogger/app.js', '/home/bitnami/blogger/bin/www' ]
}
npm ERR! code ELIFECYCLE
npm ERR! errno 1
npm ERR! blogger@0.0.0 start: `node ./bin/www`
npm ERR! Exit status 1
npm ERR! 
npm ERR! Failed at the blogger@0.0.0 start script.
npm ERR! This is probably not a problem with npm. There is likely additional logging output above.

npm ERR! A complete log of this run can be found in:
npm ERR!     /root/.npm/_logs/2020-09-21T22_57_16_506Z-debug.log

> blogger@0.0.0 start /home/bitnami/blogger
> node ./bin/www

/home/bitnami/blogger/routes/index.js:9
router.get('/menu', ctrlmenu.menu
                             ^^^^

SyntaxError: missing ) after argument list
    at wrapSafe (internal/modules/cjs/loader.js:1054:16)
    at Module._compile (internal/modules/cjs/loader.js:1102:27)
    at Object.Module._extensions..js (internal/modules/cjs/loader.js:1158:10)
    at Module.load (internal/modules/cjs/loader.js:986:32)
    at Function.Module._load (internal/modules/cjs/loader.js:879:14)
    at Module.require (internal/modules/cjs/loader.js:1026:19)
    at require (internal/modules/cjs/helpers.js:72:18)
    at Object.<anonymous> (/home/bitnami/blogger/app.js:7:15)
    at Module._compile (internal/modules/cjs/loader.js:1138:30)
    at Object.Module._extensions..js (internal/modules/cjs/loader.js:1158:10)
npm ERR! code ELIFECYCLE
npm ERR! errno 1
npm ERR! blogger@0.0.0 start: `node ./bin/www`
npm ERR! Exit status 1
npm ERR! 
npm ERR! Failed at the blogger@0.0.0 start script.
npm ERR! This is probably not a problem with npm. There is likely additional logging output above.

npm ERR! A complete log of this run can be found in:
npm ERR!     /root/.npm/_logs/2020-09-21T22_57_28_950Z-debug.log

> blogger@0.0.0 start /home/bitnami/blogger
> node ./bin/www

/home/bitnami/blogger/routes/index.js:9
router.get('/menu', ctrlmenu.menu
                             ^^^^

SyntaxError: missing ) after argument list
    at wrapSafe (internal/modules/cjs/loader.js:1054:16)
    at Module._compile (internal/modules/cjs/loader.js:1102:27)
    at Object.Module._extensions..js (internal/modules/cjs/loader.js:1158:10)
    at Module.load (internal/modules/cjs/loader.js:986:32)
    at Function.Module._load (internal/modules/cjs/loader.js:879:14)
    at Module.require (internal/modules/cjs/loader.js:1026:19)
    at require (internal/modules/cjs/helpers.js:72:18)
    at Object.<anonymous> (/home/bitnami/blogger/app.js:7:15)
    at Module._compile (internal/modules/cjs/loader.js:1138:30)
    at Object.Module._extensions..js (internal/modules/cjs/loader.js:1158:10)
npm ERR! code ELIFECYCLE
npm ERR! errno 1
npm ERR! blogger@0.0.0 start: `node ./bin/www`
npm ERR! Exit status 1
npm ERR! 
npm ERR! Failed at the blogger@0.0.0 start script.
npm ERR! This is probably not a problem with npm. There is likely additional logging output above.

npm ERR! A complete log of this run can be found in:
npm ERR!     /root/.npm/_logs/2020-09-21T22_57_40_759Z-debug.log

> blogger@0.0.0 start /home/bitnami/blogger
> node ./bin/www

/home/bitnami/blogger/routes/index.js:9
router.get('/menu', ctrlmenu.menu
                             ^^^^

SyntaxError: missing ) after argument list
    at wrapSafe (internal/modules/cjs/loader.js:1054:16)
    at Module._compile (internal/modules/cjs/loader.js:1102:27)
    at Object.Module._extensions..js (internal/modules/cjs/loader.js:1158:10)
    at Module.load (internal/modules/cjs/loader.js:986:32)
    at Function.Module._load (internal/modules/cjs/loader.js:879:14)
    at Module.require (internal/modules/cjs/loader.js:1026:19)
    at require (internal/modules/cjs/helpers.js:72:18)
    at Object.<anonymous> (/home/bitnami/blogger/app.js:7:15)
    at Module._compile (internal/modules/cjs/loader.js:1138:30)
    at Object.Module._extensions..js (internal/modules/cjs/loader.js:1158:10)
npm ERR! code ELIFECYCLE
npm ERR! errno 1
npm ERR! blogger@0.0.0 start: `node ./bin/www`
npm ERR! Exit status 1
npm ERR! 
npm ERR! Failed at the blogger@0.0.0 start script.
npm ERR! This is probably not a problem with npm. There is likely additional logging output above.

npm ERR! A complete log of this run can be found in:
npm ERR!     /root/.npm/_logs/2020-09-21T23_12_35_996Z-debug.log

> blogger@0.0.0 start /home/bitnami/blogger
> node ./bin/www

[0mGET / [32m200 [0m10.152 ms - 1246[0m
[0mGET /stylesheets/style.css [32m200 [0m3.134 ms - 111[0m
[0mGET /favicon.ico [33m404 [0m2.592 ms - 1195[0m
Error: Failed to lookup view "error" in views directory "/home/bitnami/blogger/views"
    at Function.render (/home/bitnami/blogger/node_modules/express/lib/application.js:580:17)
    at ServerResponse.render (/home/bitnami/blogger/node_modules/express/lib/response.js:1008:7)
    at /home/bitnami/blogger/app.js:40:7
    at Layer.handle_error (/home/bitnami/blogger/node_modules/express/lib/router/layer.js:71:5)
    at trim_prefix (/home/bitnami/blogger/node_modules/express/lib/router/index.js:315:13)
    at /home/bitnami/blogger/node_modules/express/lib/router/index.js:284:7
    at Function.process_params (/home/bitnami/blogger/node_modules/express/lib/router/index.js:335:12)
    at next (/home/bitnami/blogger/node_modules/express/lib/router/index.js:275:10)
    at /home/bitnami/blogger/app.js:29:3
    at Layer.handle [as handle_request] (/home/bitnami/blogger/node_modules/express/lib/router/layer.js:95:5)
[0mGET /blogList [32m200 [0m1.904 ms - 895[0m
[0mGET /stylesheets/style.css [36m304 [0m0.776 ms - -[0m
[0mGET /blogAdd [32m200 [0m1.309 ms - 891[0m
[0mGET /blogList [36m304 [0m1.209 ms - -[0m
[0mGET /stylesheets/style.css [36m304 [0m0.478 ms - -[0m

> blogger@0.0.0 start /home/bitnami/blogger
> node ./bin/www

Port 80 is already in use
npm ERR! code ELIFECYCLE
npm ERR! errno 1
npm ERR! blogger@0.0.0 start: `node ./bin/www`
npm ERR! Exit status 1
npm ERR! 
npm ERR! Failed at the blogger@0.0.0 start script.
npm ERR! This is probably not a problem with npm. There is likely additional logging output above.

npm ERR! A complete log of this run can be found in:
npm ERR!     /root/.npm/_logs/2020-09-22T00_45_45_853Z-debug.log
[0mGET / [36m304 [0m1.271 ms - -[0m
[0mGET /stylesheets/style.css [36m304 [0m0.494 ms - -[0m
[0mGET /stylesheets/style.css [36m304 [0m0.502 ms - -[0m
[0mGET / [32m200 [0m1.264 ms - 1246[0m
[0mGET /Telerik.Web.UI.WebResource.axd?type=rau [33m404 [0m1.169 ms - 1195[0m
Error: Failed to lookup view "error" in views directory "/home/bitnami/blogger/views"
    at Function.render (/home/bitnami/blogger/node_modules/express/lib/application.js:580:17)
    at ServerResponse.render (/home/bitnami/blogger/node_modules/express/lib/response.js:1008:7)
    at /home/bitnami/blogger/app.js:40:7
    at Layer.handle_error (/home/bitnami/blogger/node_modules/express/lib/router/layer.js:71:5)
    at trim_prefix (/home/bitnami/blogger/node_modules/express/lib/router/index.js:315:13)
    at /home/bitnami/blogger/node_modules/express/lib/router/index.js:284:7
    at Function.process_params (/home/bitnami/blogger/node_modules/express/lib/router/index.js:335:12)
    at next (/home/bitnami/blogger/node_modules/express/lib/router/index.js:275:10)
    at /home/bitnami/blogger/app.js:29:3
    at Layer.handle [as handle_request] (/home/bitnami/blogger/node_modules/express/lib/router/layer.js:95:5)

> blogger@0.0.0 start /home/bitnami/blogger
> node ./bin/www

[0mGET / [32m200 [0m10.342 ms - 884[0m

> blogger@0.0.0 start /home/bitnami/blogger
> node ./bin/www

[0mGET / [32m200 [0m10.618 ms - 1070[0m

> blogger@0.0.0 start /home/bitnami/blogger
> node ./bin/www

[0mGET / [32m200 [0m10.745 ms - 1070[0m
[0mGET / [36m304 [0m1.793 ms - -[0m
[0mGET /blogList [32m200 [0m2.241 ms - 778[0m
[0mGET /blogAdd [32m200 [0m1.329 ms - 782[0m
[0mGET / [36m304 [0m0.964 ms - -[0m
[0mGET / [32m200 [0m1.260 ms - 1070[0m
